<?xml version="1.0" encoding="UTF-8"?>
<coverage generated="1647963920689" clover="3.2.0">
  <project timestamp="1647963920689" name="All files">
    <metrics statements="43" coveredstatements="36" conditionals="16" coveredconditionals="13" methods="10" coveredmethods="7" elements="69" coveredelements="56" complexity="0" loc="43" ncloc="43" packages="5" files="5" classes="5"/>
    <package name="array-flatten">
      <metrics statements="16" coveredstatements="9" conditionals="4" coveredconditionals="2" methods="5" coveredmethods="2"/>
      <file name="index.ts" path="/Users/zhangfangchao/projects/vite-project-react/src/utils/array-flatten/index.ts">
        <metrics statements="16" coveredstatements="9" conditionals="4" coveredconditionals="2" methods="5" coveredmethods="2"/>
        <line num="6" count="1" type="stmt"/>
        <line num="7" count="0" type="stmt"/>
        <line num="9" count="0" type="stmt"/>
        <line num="10" count="0" type="cond" truecount="0" falsecount="2"/>
        <line num="11" count="0" type="stmt"/>
        <line num="12" count="0" type="stmt"/>
        <line num="14" count="0" type="stmt"/>
        <line num="18" count="0" type="stmt"/>
        <line num="26" count="1" type="stmt"/>
        <line num="27" count="7" type="stmt"/>
        <line num="29" count="7" type="stmt"/>
        <line num="30" count="26" type="cond" truecount="2" falsecount="0"/>
        <line num="31" count="3" type="stmt"/>
        <line num="32" count="3" type="stmt"/>
        <line num="34" count="23" type="stmt"/>
        <line num="38" count="7" type="stmt"/>
      </file>
    </package>
    <package name="clone-deep">
      <metrics statements="8" coveredstatements="8" conditionals="8" coveredconditionals="7" methods="1" coveredmethods="1"/>
      <file name="index.ts" path="/Users/zhangfangchao/projects/vite-project-react/src/utils/clone-deep/index.ts">
        <metrics statements="8" coveredstatements="8" conditionals="8" coveredconditionals="7" methods="1" coveredmethods="1"/>
        <line num="7" count="1" type="stmt"/>
        <line num="8" count="19" type="cond" truecount="4" falsecount="0"/>
        <line num="9" count="11" type="stmt"/>
        <line num="12" count="8" type="cond" truecount="2" falsecount="0"/>
        <line num="14" count="8" type="stmt"/>
        <line num="15" count="17" type="cond" truecount="1" falsecount="1"/>
        <line num="16" count="17" type="stmt"/>
        <line num="20" count="8" type="stmt"/>
      </file>
    </package>
    <package name="get-type">
      <metrics statements="5" coveredstatements="5" conditionals="0" coveredconditionals="0" methods="1" coveredmethods="1"/>
      <file name="index.ts" path="/Users/zhangfangchao/projects/vite-project-react/src/utils/get-type/index.ts">
        <metrics statements="5" coveredstatements="5" conditionals="0" coveredconditionals="0" methods="1" coveredmethods="1"/>
        <line num="2" count="1" type="stmt"/>
        <line num="3" count="21" type="stmt"/>
        <line num="4" count="21" type="stmt"/>
        <line num="5" count="21" type="stmt"/>
        <line num="6" count="21" type="stmt"/>
      </file>
    </package>
    <package name="sum">
      <metrics statements="2" coveredstatements="2" conditionals="0" coveredconditionals="0" methods="1" coveredmethods="1"/>
      <file name="index.ts" path="/Users/zhangfangchao/projects/vite-project-react/src/utils/sum/index.ts">
        <metrics statements="2" coveredstatements="2" conditionals="0" coveredconditionals="0" methods="1" coveredmethods="1"/>
        <line num="1" count="1" type="stmt"/>
        <line num="2" count="1" type="stmt"/>
      </file>
    </package>
    <package name="thousand-format">
      <metrics statements="12" coveredstatements="12" conditionals="4" coveredconditionals="4" methods="2" coveredmethods="2"/>
      <file name="index.ts" path="/Users/zhangfangchao/projects/vite-project-react/src/utils/thousand-format/index.ts">
        <metrics statements="12" coveredstatements="12" conditionals="4" coveredconditionals="4" methods="2" coveredmethods="2"/>
        <line num="3" count="1" type="stmt"/>
        <line num="4" count="2" type="stmt"/>
        <line num="5" count="2" type="stmt"/>
        <line num="6" count="2" type="stmt"/>
        <line num="7" count="2" type="stmt"/>
        <line num="9" count="2" type="stmt"/>
        <line num="10" count="12" type="cond" truecount="2" falsecount="0"/>
        <line num="11" count="4" type="cond" truecount="2" falsecount="0"/>
        <line num="12" count="2" type="stmt"/>
        <line num="14" count="2" type="stmt"/>
        <line num="17" count="8" type="stmt"/>
        <line num="21" count="2" type="stmt"/>
      </file>
    </package>
  </project>
</coverage>
