TN:
SF:src/utils/flatten/index.ts
FN:6,(anonymous_0)
FN:9,(anonymous_1)
FN:12,(anonymous_2)
FN:26,(anonymous_3)
FN:29,(anonymous_4)
FNF:5
FNH:2
FNDA:0,(anonymous_0)
FNDA:0,(anonymous_1)
FNDA:0,(anonymous_2)
FNDA:7,(anonymous_3)
FNDA:26,(anonymous_4)
DA:6,1
DA:7,0
DA:9,0
DA:10,0
DA:11,0
DA:12,0
DA:14,0
DA:18,0
DA:26,1
DA:27,7
DA:29,7
DA:30,26
DA:31,3
DA:32,3
DA:34,23
DA:38,7
LF:16
LH:9
BRDA:10,0,0,0
BRDA:10,0,1,0
BRDA:30,1,0,3
BRDA:30,1,1,23
BRF:4
BRH:2
end_of_record
TN:
SF:src/utils/sum/index.ts
FN:1,(anonymous_0)
FNF:1
FNH:1
FNDA:1,(anonymous_0)
DA:1,1
DA:2,1
LF:2
LH:2
BRF:0
BRH:0
end_of_record
TN:
SF:src/utils/thousand-format/index.ts
FN:3,(anonymous_0)
FN:9,(anonymous_1)
FNF:2
FNH:2
FNDA:2,(anonymous_0)
FNDA:12,(anonymous_1)
DA:3,1
DA:4,2
DA:5,2
DA:6,2
DA:7,2
DA:9,2
DA:10,12
DA:11,4
DA:12,2
DA:14,2
DA:17,8
DA:21,2
LF:12
LH:12
BRDA:10,0,0,4
BRDA:10,0,1,8
BRDA:11,1,0,2
BRDA:11,1,1,2
BRF:4
BRH:4
end_of_record
